mode: set
fynescope/sim/connection.go:15.38,16.17 1 0
fynescope/sim/connection.go:16.17,18.3 1 0
fynescope/sim/connection.go:19.2,19.12 1 0
fynescope/sim/connection.go:22.25,24.2 1 0
fynescope/sim/connection.go:26.43,43.2 7 0
fynescope/sim/connection.go:45.43,51.2 5 0
fynescope/sim/connection.go:53.45,61.2 5 0
fynescope/sim/connection.go:63.41,68.2 4 0
fynescope/sim/connection.go:70.47,76.16 3 0
fynescope/sim/connection.go:76.16,78.3 1 0
fynescope/sim/connection.go:79.2,84.25 6 0
fynescope/sim/connection.go:87.53,99.2 5 0
fynescope/sim/connection.go:101.51,112.2 6 0
fynescope/sim/connection.go:114.63,125.2 6 0
fynescope/sim/connection.go:127.71,138.2 6 0
fynescope/sim/connection.go:140.62,151.2 7 0
fynescope/sim/connection.go:153.67,166.2 8 0
fynescope/sim/connection.go:168.67,178.2 6 0
fynescope/sim/connection.go:180.53,186.2 5 0
fynescope/sim/connection.go:188.60,194.2 5 0
fynescope/sim/connection.go:196.78,203.2 5 0
fynescope/sim/connection.go:205.73,214.2 5 0
fynescope/sim/connection.go:216.47,224.2 6 0
fynescope/sim/connection.go:226.49,234.2 6 0
fynescope/sim/connection.go:236.49,243.2 5 0
fynescope/sim/connection.go:245.49,252.2 5 0
fynescope/sim/connection.go:254.57,264.2 5 0
fynescope/sim/connection.go:266.51,275.2 5 0
fynescope/sim/connection.go:277.53,286.2 5 0
fynescope/sim/connection.go:288.69,298.2 5 0
fynescope/sim/connection.go:300.57,306.2 4 0
fynescope/sim/connection.go:308.59,314.2 4 0
fynescope/sim/connection.go:315.37,326.2 6 0
fynescope/sim/connection.go:328.49,340.2 6 0
fynescope/sim/connection.go:342.41,354.2 6 0
fynescope/sim/connection.go:356.79,361.21 3 0
fynescope/sim/connection.go:361.21,368.3 6 0
fynescope/sim/connection.go:369.2,373.25 4 0
fynescope/sim/connection.go:376.79,381.20 3 0
fynescope/sim/connection.go:381.20,390.3 8 0
fynescope/sim/connection.go:391.2,395.25 4 0
fynescope/sim/connection.go:398.79,409.2 5 0
fynescope/sim/connection.go:411.55,417.2 4 0
fynescope/sim/connection.go:419.69,424.19 3 0
fynescope/sim/connection.go:424.19,430.3 5 0
fynescope/sim/connection.go:431.2,435.25 4 0
fynescope/sim/connection.go:438.87,443.21 3 0
fynescope/sim/connection.go:443.21,446.3 2 0
fynescope/sim/connection.go:447.2,451.25 4 0
fynescope/sim/connection.go:454.33,460.2 4 0
fynescope/sim/connection.go:462.57,474.2 5 0
fynescope/sim/connection.go:476.61,488.2 5 0
fynescope/sim/connection.go:490.70,501.2 6 0
fynescope/sim/connection.go:503.57,509.2 4 0
fynescope/sim/connection.go:511.65,525.2 8 0
fynescope/sim/connection.go:527.69,535.2 6 0
fynescope/sim/connection.go:537.85,542.20 3 0
fynescope/sim/connection.go:542.20,544.3 1 0
fynescope/sim/connection.go:545.2,549.25 4 0
fynescope/sim/connection.go:552.89,557.20 3 0
fynescope/sim/connection.go:557.20,559.3 1 0
fynescope/sim/connection.go:560.2,564.25 4 0
fynescope/sim/connection.go:567.39,573.2 4 0
fynescope/sim/connection.go:574.56,577.2 2 0
fynescope/sim/connection.go:579.39,586.2 5 0
fynescope/sim/connection.go:588.95,596.2 6 0
fynescope/sim/connection.go:598.53,605.2 5 0
fynescope/sim/connection.go:607.65,614.2 5 0
fynescope/sim/connection.go:618.41,624.2 4 0
fynescope/sim/connection.go:626.67,633.2 5 0
fynescope/sim/connection.go:635.85,644.2 5 0
fynescope/sim/connection.go:646.53,655.2 5 0
fynescope/sim/connection.go:657.63,663.2 4 0
fynescope/sim/connection.go:665.93,670.20 3 0
fynescope/sim/connection.go:670.20,673.3 2 0
fynescope/sim/connection.go:674.2,678.25 4 0
fynescope/sim/connection.go:681.61,695.2 5 0
fynescope/sim/connection.go:697.81,707.2 4 0
fynescope/sim/connection.go:709.77,718.2 4 0
fynescope/sim/connection.go:720.79,731.2 8 0
fynescope/sim/connection.go:733.67,739.2 4 0
fynescope/sim/connection.go:741.43,743.48 2 0
fynescope/sim/connection.go:743.48,747.3 3 0
fynescope/sim/connection.go:748.2,754.25 4 0
fynescope/sim/connection.go:757.55,759.48 2 0
fynescope/sim/connection.go:759.48,763.3 3 0
fynescope/sim/connection.go:764.2,767.25 4 0
fynescope/sim/consts.go:375.37,377.13 2 1
fynescope/sim/consts.go:377.13,380.3 2 0
fynescope/sim/consts.go:380.8,380.36 1 1
fynescope/sim/consts.go:380.36,383.3 2 0
fynescope/sim/consts.go:384.2,384.25 1 1
fynescope/sim/consts.go:386.42,387.9 1 0
fynescope/sim/consts.go:388.18,389.15 1 0
fynescope/sim/consts.go:390.18,391.15 1 0
fynescope/sim/consts.go:392.18,393.14 1 0
fynescope/sim/consts.go:394.18,395.14 1 0
fynescope/sim/consts.go:396.18,397.14 1 0
fynescope/sim/consts.go:398.17,399.11 1 0
fynescope/sim/consts.go:401.2,401.10 1 0
fynescope/sim/consts.go:403.22,566.34 163 1
fynescope/sim/consts.go:566.34,569.3 2 1
fynescope/sim/consts.go:570.2,582.47 13 1
fynescope/sim/params.go:20.43,21.33 1 0
fynescope/sim/params.go:21.33,23.3 1 0
fynescope/sim/params.go:27.40,28.33 1 1
fynescope/sim/params.go:28.33,30.3 1 1
fynescope/sim/params.go:31.2,31.10 1 0
fynescope/sim/params.go:35.45,36.33 1 0
fynescope/sim/params.go:36.33,38.3 1 0
fynescope/sim/params.go:42.42,43.33 1 1
fynescope/sim/params.go:43.33,45.3 1 1
fynescope/sim/params.go:46.2,46.10 1 0
fynescope/sim/params.go:50.41,52.2 1 1
fynescope/sim/params.go:55.40,57.2 1 0
fynescope/sim/params.go:60.38,62.2 1 1
fynescope/sim/params.go:65.37,67.2 1 0
fynescope/sim/rlc.go:15.42,16.14 1 0
fynescope/sim/rlc.go:17.26,18.14 1 0
fynescope/sim/rlc.go:19.23,20.13 1 0
fynescope/sim/rlc.go:21.14,22.13 1 0
fynescope/sim/rlc.go:23.14,24.13 1 0
fynescope/sim/rlc.go:25.20,26.14 1 0
fynescope/sim/rlc.go:27.12,28.14 1 0
fynescope/sim/rlc.go:29.12,30.15 1 0
fynescope/sim/rlc.go:31.10,32.13 1 0
fynescope/sim/rlc.go:36.136,42.13 5 0
fynescope/sim/rlc.go:42.13,44.3 1 0
fynescope/sim/rlc.go:46.2,46.9 1 0
fynescope/sim/rlc.go:47.96,49.41 2 0
fynescope/sim/rlc.go:49.41,50.17 1 0
fynescope/sim/rlc.go:50.17,52.5 1 0
fynescope/sim/rlc.go:53.4,53.21 1 0
fynescope/sim/rlc.go:55.3,58.33 4 0
fynescope/sim/rlc.go:60.98,62.41 2 0
fynescope/sim/rlc.go:62.41,63.17 1 0
fynescope/sim/rlc.go:63.17,65.5 1 0
fynescope/sim/rlc.go:66.4,66.21 1 0
fynescope/sim/rlc.go:68.3,71.33 4 0
fynescope/sim/rlc.go:73.50,76.42 3 0
fynescope/sim/rlc.go:76.42,78.9 2 0
fynescope/sim/rlc.go:80.3,86.41 7 0
fynescope/sim/rlc.go:88.51,91.42 3 0
fynescope/sim/rlc.go:91.42,93.9 2 0
fynescope/sim/rlc.go:95.3,101.41 7 0
fynescope/sim/rlc.go:104.2,104.10 1 0
fynescope/sim/rlc.go:111.49,115.13 4 0
fynescope/sim/rlc.go:115.13,117.3 1 0
fynescope/sim/rlc.go:118.2,122.10 5 0
fynescope/sim/rlc.go:125.46,132.2 6 0
fynescope/sim/sim.go:85.32,86.7 1 1
fynescope/sim/sim.go:86.7,88.3 1 1
fynescope/sim/sim.go:89.2,89.17 1 1
fynescope/sim/sim.go:92.31,94.22 2 1
fynescope/sim/sim.go:94.22,97.3 2 1
fynescope/sim/sim.go:102.96,103.15 1 1
fynescope/sim/sim.go:103.15,108.3 4 1
fynescope/sim/sim.go:109.2,109.15 1 1
fynescope/sim/sim.go:109.15,111.3 1 1
fynescope/sim/sim.go:112.2,112.19 1 1
fynescope/sim/sim.go:113.14,114.7 1 1
fynescope/sim/sim.go:115.14,116.7 1 1
fynescope/sim/sim.go:117.21,119.7 2 1
fynescope/sim/sim.go:120.21,122.7 2 1
fynescope/sim/sim.go:124.2,124.8 1 1
fynescope/sim/sim.go:126.56,128.15 2 1
fynescope/sim/sim.go:128.15,133.3 4 1
fynescope/sim/sim.go:134.2,134.15 1 1
fynescope/sim/sim.go:134.15,136.3 1 1
fynescope/sim/sim.go:137.2,137.19 1 1
fynescope/sim/sim.go:138.14,139.7 1 1
fynescope/sim/sim.go:140.14,141.7 1 1
fynescope/sim/sim.go:142.21,144.7 2 1
fynescope/sim/sim.go:145.21,147.7 2 1
fynescope/sim/sim.go:149.2,150.8 2 1
fynescope/sim/sim.go:152.61,153.15 1 1
fynescope/sim/sim.go:153.15,158.3 4 1
fynescope/sim/sim.go:159.2,159.15 1 1
fynescope/sim/sim.go:159.15,161.3 1 1
fynescope/sim/sim.go:162.2,162.19 1 1
fynescope/sim/sim.go:163.14,164.7 1 1
fynescope/sim/sim.go:165.14,166.7 1 1
fynescope/sim/sim.go:167.21,169.7 2 1
fynescope/sim/sim.go:170.21,172.7 2 1
fynescope/sim/sim.go:174.2,174.8 1 1
fynescope/sim/sim.go:176.84,177.15 1 1
fynescope/sim/sim.go:177.15,184.3 6 1
fynescope/sim/sim.go:185.2,185.15 1 1
fynescope/sim/sim.go:185.15,187.3 1 1
fynescope/sim/sim.go:188.2,188.19 1 1
fynescope/sim/sim.go:189.14,190.7 1 1
fynescope/sim/sim.go:191.14,192.7 1 1
fynescope/sim/sim.go:193.21,195.7 2 1
fynescope/sim/sim.go:196.21,198.7 2 1
fynescope/sim/sim.go:200.2,200.8 1 1
fynescope/sim/sim.go:203.45,205.2 1 1
fynescope/sim/sim.go:207.81,208.14 1 0
fynescope/sim/sim.go:209.23,210.32 1 0
fynescope/sim/sim.go:211.26,212.38 1 0
fynescope/sim/sim.go:213.10,214.19 1 0
fynescope/sim/sim.go:216.2,216.8 1 0
fynescope/sim/sim.go:219.57,222.2 2 0
fynescope/sim/sim.go:224.94,225.2 0 0
fynescope/sim/sim.go:229.25,231.2 1 0
fynescope/sim/sim.go:237.66,241.46 3 1
fynescope/sim/sim.go:241.46,243.3 1 0
fynescope/sim/sim.go:244.2,248.38 3 1
fynescope/sim/sim.go:248.38,250.3 1 1
fynescope/sim/sim.go:254.2,257.54 2 1
fynescope/sim/sim.go:257.54,259.3 1 0
fynescope/sim/sim.go:262.2,263.57 2 1
fynescope/sim/sim.go:263.57,265.3 1 1
fynescope/sim/sim.go:268.2,274.21 4 1
fynescope/sim/sim.go:274.21,281.3 2 1
fynescope/sim/sim.go:283.2,286.69 3 1
fynescope/sim/sim.go:286.69,288.14 2 0
fynescope/sim/sim.go:288.14,290.4 1 0
fynescope/sim/sim.go:293.2,294.19 2 1
fynescope/sim/sim.go:305.102,310.16 3 1
fynescope/sim/sim.go:310.16,312.3 1 0
fynescope/sim/sim.go:312.8,314.17 2 1
fynescope/sim/sim.go:314.17,316.4 1 0
fynescope/sim/sim.go:321.2,323.40 3 1
fynescope/sim/sim.go:323.40,325.3 1 1
fynescope/sim/sim.go:327.2,328.19 2 1
fynescope/sim/sim.go:328.19,330.3 1 0
fynescope/sim/sim.go:331.2,333.45 2 1
fynescope/sim/sim.go:333.45,336.25 3 1
fynescope/sim/sim.go:336.25,338.4 1 0
fynescope/sim/sim.go:340.2,340.30 1 1
fynescope/sim/sim.go:340.30,342.3 1 0
fynescope/sim/sim.go:343.2,354.35 9 1
fynescope/sim/sim.go:354.35,357.3 2 1
fynescope/sim/sim.go:359.2,359.38 1 1
fynescope/sim/sim.go:359.38,360.28 1 1
fynescope/sim/sim.go:360.28,361.12 1 1
fynescope/sim/sim.go:364.3,364.30 1 1
fynescope/sim/sim.go:364.30,367.4 1 0
fynescope/sim/sim.go:370.3,370.34 1 1
fynescope/sim/sim.go:370.34,372.4 1 0
fynescope/sim/sim.go:375.3,378.32 4 1
fynescope/sim/sim.go:378.32,380.4 1 0
fynescope/sim/sim.go:381.3,381.34 1 1
fynescope/sim/sim.go:381.34,383.4 1 0
fynescope/sim/sim.go:385.3,385.39 1 1
fynescope/sim/sim.go:385.39,388.33 3 1
fynescope/sim/sim.go:388.33,390.5 1 0
fynescope/sim/sim.go:391.4,391.35 1 1
fynescope/sim/sim.go:391.35,393.5 1 0
fynescope/sim/sim.go:399.2,399.54 1 1
fynescope/sim/sim.go:399.54,401.32 2 1
fynescope/sim/sim.go:401.32,403.4 1 0
fynescope/sim/sim.go:404.3,404.20 1 1
fynescope/sim/sim.go:404.20,406.4 1 0
fynescope/sim/sim.go:407.3,407.20 1 1
fynescope/sim/sim.go:407.20,409.4 1 0
fynescope/sim/sim.go:410.3,410.53 1 1
fynescope/sim/sim.go:410.53,414.4 2 0
fynescope/sim/sim.go:416.3,418.31 3 1
fynescope/sim/sim.go:418.31,420.4 1 0
fynescope/sim/sim.go:421.3,421.33 1 1
fynescope/sim/sim.go:421.33,423.4 1 0
fynescope/sim/sim.go:426.3,430.13 5 1
fynescope/sim/sim.go:433.2,441.26 6 1
fynescope/sim/sim.go:441.26,442.49 1 1
fynescope/sim/sim.go:442.49,445.31 2 1
fynescope/sim/sim.go:445.31,449.5 1 0
fynescope/sim/sim.go:452.4,452.35 1 1
fynescope/sim/sim.go:452.35,454.5 1 0
fynescope/sim/sim.go:457.4,457.50 1 1
fynescope/sim/sim.go:457.50,458.41 1 0
fynescope/sim/sim.go:458.41,461.28 3 0
fynescope/sim/sim.go:461.28,463.7 1 0
fynescope/sim/sim.go:464.6,464.30 1 0
fynescope/sim/sim.go:464.30,466.7 1 0
fynescope/sim/sim.go:474.2,474.26 1 1
fynescope/sim/sim.go:474.26,475.49 1 1
fynescope/sim/sim.go:475.49,476.46 1 1
fynescope/sim/sim.go:476.46,478.5 1 1
fynescope/sim/sim.go:479.4,479.31 1 1
fynescope/sim/sim.go:479.31,484.37 3 1
fynescope/sim/sim.go:484.37,489.6 3 0
fynescope/sim/sim.go:492.5,495.27 2 1
fynescope/sim/sim.go:495.27,497.6 1 0
fynescope/sim/sim.go:500.5,500.29 1 1
fynescope/sim/sim.go:500.29,502.6 1 0
fynescope/sim/sim.go:507.5,508.30 2 1
fynescope/sim/sim.go:508.30,511.6 2 0
fynescope/sim/sim.go:511.11,511.38 1 1
fynescope/sim/sim.go:511.38,514.6 2 0
fynescope/sim/sim.go:514.11,516.6 1 1
fynescope/sim/sim.go:517.5,517.27 1 1
fynescope/sim/sim.go:522.3,522.27 1 1
fynescope/sim/sim.go:522.27,523.42 1 1
fynescope/sim/sim.go:523.42,525.5 1 1
fynescope/sim/sim.go:528.2,528.27 1 1
fynescope/sim/sim.go:528.27,530.3 1 0
fynescope/sim/sim.go:531.2,531.8 1 1
fynescope/sim/sim.go:535.81,538.2 2 0
fynescope/sim/sim.go:541.102,544.2 2 0
fynescope/sim/sim.go:547.122,550.2 2 0
fynescope/sim/sim.go:552.130,555.2 2 0
fynescope/sim/sim.go:557.140,562.2 4 0
fynescope/sim/sim.go:564.167,567.2 2 0
fynescope/sim/sim.go:569.70,572.2 2 0
fynescope/sim/sim.go:574.69,577.2 2 0
fynescope/sim/sim.go:579.78,582.2 2 0
fynescope/sim/sim.go:585.61,586.2 0 0
fynescope/sim/sim.go:588.109,589.23 1 0
fynescope/sim/sim.go:589.23,591.3 1 0
fynescope/sim/sim.go:593.2,595.17 3 0
fynescope/sim/sim.go:595.17,598.3 2 0
fynescope/sim/sim.go:601.2,602.38 2 0
fynescope/sim/sim.go:602.38,603.51 1 0
fynescope/sim/sim.go:603.51,605.9 2 0
fynescope/sim/sim.go:609.2,609.23 1 0
fynescope/sim/sim.go:609.23,612.3 2 0
fynescope/sim/sim.go:614.2,615.51 2 0
fynescope/sim/sim.go:615.51,617.3 1 0
fynescope/sim/sim.go:619.2,619.20 1 0
fynescope/sim/sim.go:619.20,620.39 1 0
fynescope/sim/sim.go:620.39,621.52 1 0
fynescope/sim/sim.go:621.52,622.42 1 0
fynescope/sim/sim.go:622.42,627.33 4 0
fynescope/sim/sim.go:627.33,629.7 1 0
fynescope/sim/sim.go:629.12,629.41 1 0
fynescope/sim/sim.go:629.41,631.7 1 0
fynescope/sim/sim.go:631.12,633.7 1 0
fynescope/sim/sim.go:635.6,636.39 2 0
fynescope/sim/sim.go:636.39,638.7 1 0
fynescope/sim/sim.go:643.3,644.27 2 0
fynescope/sim/sim.go:644.27,645.42 1 0
fynescope/sim/sim.go:645.42,647.5 1 0
fynescope/sim/sim.go:649.3,651.126 3 0
fynescope/sim/sim.go:652.8,654.3 1 0
fynescope/sim/sim.go:656.2,656.12 1 0
fynescope/sim/sim.go:658.36,660.29 2 1
fynescope/sim/sim.go:660.29,661.16 1 1
fynescope/sim/sim.go:661.16,663.4 1 1
fynescope/sim/sim.go:665.2,665.14 1 1
fynescope/sim/sim.go:667.40,670.2 2 0
fynescope/sim/sim.go:671.94,672.9 1 0
fynescope/sim/sim.go:673.21,674.15 1 0
fynescope/sim/sim.go:674.15,676.4 1 0
fynescope/sim/sim.go:676.9,679.4 2 0
fynescope/sim/sim.go:680.21,681.15 1 0
fynescope/sim/sim.go:681.15,683.4 1 0
fynescope/sim/sim.go:683.9,686.4 2 0
fynescope/sim/sim.go:687.21,688.30 1 0
fynescope/sim/sim.go:689.10,690.63 1 0
fynescope/sim/sim.go:692.2,692.8 1 0
fynescope/sim/sim.go:695.165,697.14 2 0
fynescope/sim/sim.go:697.14,700.3 2 0
fynescope/sim/sim.go:701.2,702.16 2 0
fynescope/sim/sim.go:702.16,704.3 1 0
fynescope/sim/sim.go:705.2,705.13 1 0
fynescope/sim/sim.go:706.9,707.25 1 0
fynescope/sim/sim.go:708.9,709.25 1 0
fynescope/sim/sim.go:710.9,711.25 1 0
fynescope/sim/sim.go:712.9,713.25 1 0
fynescope/sim/sim.go:715.2,715.8 1 0
fynescope/sim/sim.go:718.97,719.9 1 1
fynescope/sim/sim.go:720.21,721.15 1 1
fynescope/sim/sim.go:721.15,723.4 1 1
fynescope/sim/sim.go:723.9,726.4 2 0
fynescope/sim/sim.go:727.21,728.15 1 0
fynescope/sim/sim.go:728.15,730.4 1 0
fynescope/sim/sim.go:730.9,733.4 2 0
fynescope/sim/sim.go:734.21,735.30 1 0
fynescope/sim/sim.go:736.10,737.74 1 0
fynescope/sim/sim.go:739.2,739.8 1 1
fynescope/sim/sim.go:742.174,745.14 2 0
fynescope/sim/sim.go:745.14,748.3 2 0
fynescope/sim/sim.go:749.2,751.16 3 0
fynescope/sim/sim.go:751.16,753.3 1 0
fynescope/sim/sim.go:754.2,754.13 1 0
fynescope/sim/sim.go:755.9,756.25 1 0
fynescope/sim/sim.go:757.9,758.25 1 0
fynescope/sim/sim.go:759.9,760.25 1 0
fynescope/sim/sim.go:761.9,762.25 1 0
fynescope/sim/sim.go:764.2,764.8 1 0
fynescope/sim/sim.go:767.148,770.22 2 1
fynescope/sim/sim.go:770.22,773.3 2 0
fynescope/sim/sim.go:774.2,778.8 5 1
fynescope/sim/sim.go:781.61,784.2 2 0
fynescope/sim/sim.go:786.61,789.2 2 0
fynescope/sim/sim.go:794.30,797.2 2 0
fynescope/sim/sim.go:799.131,803.2 3 0
fynescope/sim/sim.go:805.139,809.2 3 0
fynescope/sim/sim.go:811.68,815.2 2 0
fynescope/sim/sim.go:817.84,822.2 3 0
fynescope/sim/sim.go:824.123,826.31 2 0
fynescope/sim/sim.go:826.31,829.3 2 0
fynescope/sim/sim.go:830.2,830.36 1 0
fynescope/sim/sim.go:830.36,833.3 2 0
fynescope/sim/sim.go:834.2,836.8 3 0
fynescope/sim/sim.go:842.64,845.30 2 0
fynescope/sim/sim.go:845.30,847.3 1 0
fynescope/sim/sim.go:849.2,857.28 8 0
fynescope/sim/sim.go:862.95,863.2 0 0
fynescope/sim/sim.go:864.62,867.2 2 0
fynescope/sim/sim.go:871.49,873.14 2 0
fynescope/sim/sim.go:873.14,874.27 1 0
fynescope/sim/sim.go:874.27,875.42 1 0
fynescope/sim/sim.go:875.42,877.5 1 0
fynescope/sim/sim.go:880.2,886.8 7 0
fynescope/sim/sim.go:891.79,899.2 6 1
fynescope/sim/sim.go:903.35,905.79 2 0
fynescope/sim/sim.go:905.79,907.3 1 0
fynescope/sim/sim.go:908.2,908.28 1 0
fynescope/sim/sim.go:908.28,911.3 2 0
fynescope/sim/sim.go:912.2,914.8 3 0
fynescope/sim/sim.go:918.102,920.79 2 0
fynescope/sim/sim.go:920.79,922.3 1 0
fynescope/sim/sim.go:923.2,923.28 1 0
fynescope/sim/sim.go:923.28,925.3 1 0
fynescope/sim/sim.go:926.2,927.8 2 0
fynescope/sim/sim.go:931.132,936.28 3 0
fynescope/sim/sim.go:936.28,938.3 1 0
fynescope/sim/sim.go:939.2,939.8 1 0
fynescope/sim/sim.go:942.65,946.2 3 0
fynescope/sim/sim.go:949.37,950.28 1 0
fynescope/sim/sim.go:950.28,952.3 1 0
fynescope/sim/sim.go:953.2,953.12 1 0
fynescope/sim/sim.go:955.113,959.2 3 0
fynescope/sim/sim.go:961.40,965.2 3 0
fynescope/sim/sim.go:967.42,969.28 2 0
fynescope/sim/sim.go:969.28,971.3 1 0
fynescope/sim/sim.go:977.68,980.2 2 0
fynescope/sim/sim.go:990.68,993.2 2 0
fynescope/sim/sim.go:998.93,1001.38 2 0
fynescope/sim/sim.go:1001.38,1003.3 1 0
fynescope/sim/sim.go:1005.2,1006.19 2 0
fynescope/sim/sim.go:1007.22,1008.52 1 0
fynescope/sim/sim.go:1009.10,1010.78 1 0
fynescope/sim/sim.go:1012.2,1018.12 6 0
fynescope/sim/sim.go:1021.215,1023.33 2 0
fynescope/sim/sim.go:1023.33,1025.3 1 0
fynescope/sim/sim.go:1026.2,1035.12 10 0
fynescope/sim/sim.go:1038.133,1042.2 3 0
fynescope/sim/sim.go:1044.67,1048.2 3 0
fynescope/sim/sim.go:1050.127,1054.2 3 0
fynescope/sim/sim.go:1056.109,1060.2 3 0
fynescope/sim/sim.go:1063.55,1067.2 3 0
fynescope/sim/sim.go:1070.55,1074.2 3 0
fynescope/sim/sim.go:1076.84,1080.2 3 0
fynescope/sim/sim.go:1082.56,1086.2 3 0
fynescope/sim/sim.go:1088.126,1092.2 3 0
fynescope/sim/sim.go:1094.87,1097.2 2 0
fynescope/sim/sim.go:1099.74,1103.2 3 0
fynescope/sim/sim.go:1105.81,1109.2 3 0
fynescope/sim/sim.go:1111.44,1115.2 3 0
fynescope/sim/sim.go:1117.70,1121.2 3 0
fynescope/sim/sim.go:1123.90,1127.2 3 0
fynescope/sim/sim.go:1129.100,1133.2 3 0
fynescope/sim/sim.go:1135.68,1139.2 3 0
fynescope/sim/sim.go:1141.116,1145.2 3 0
fynescope/sim/sim.go:1151.68,1155.2 3 0
fynescope/sim/sim.go:1161.68,1165.2 3 0
fynescope/sim/sim.go:1171.68,1175.2 3 0
fynescope/sim/sim.go:1178.72,1182.2 3 0
fynescope/sim/sim.go:1184.70,1188.2 3 0
fynescope/sim/sim.go:1190.38,1191.25 1 1
fynescope/sim/sim.go:1192.26,1193.26 1 1
fynescope/sim/sim.go:1194.32,1195.16 1 0
fynescope/sim/sim.go:1196.33,1197.17 1 0
fynescope/sim/sim.go:1198.31,1199.15 1 0
fynescope/sim/sim.go:1200.30,1201.14 1 0
fynescope/sim/sim.go:1202.36,1203.20 1 0
fynescope/sim/sim.go:1204.35,1205.19 1 0
fynescope/sim/sim.go:1206.45,1207.29 1 0
fynescope/sim/sim.go:1208.41,1209.25 1 0
fynescope/sim/sim.go:1210.31,1211.15 1 0
fynescope/sim/sim.go:1212.39,1213.26 1 0
fynescope/sim/sim.go:1214.43,1215.27 1 0
fynescope/sim/sim.go:1216.43,1217.27 1 0
fynescope/sim/sim.go:1218.36,1219.20 1 0
fynescope/sim/sim.go:1220.38,1221.25 1 0
fynescope/sim/sim.go:1222.47,1223.34 1 0
fynescope/sim/sim.go:1224.33,1225.17 1 0
fynescope/sim/sim.go:1226.34,1227.18 1 0
fynescope/sim/sim.go:1228.34,1229.18 1 0
fynescope/sim/sim.go:1230.34,1231.18 1 0
fynescope/sim/sim.go:1232.38,1233.22 1 0
fynescope/sim/sim.go:1234.35,1235.19 1 0
fynescope/sim/sim.go:1236.36,1237.20 1 0
fynescope/sim/sim.go:1238.44,1239.28 1 0
fynescope/sim/sim.go:1240.38,1241.22 1 0
fynescope/sim/sim.go:1242.39,1243.23 1 0
fynescope/sim/sim.go:1244.28,1245.12 1 0
fynescope/sim/sim.go:1246.34,1247.18 1 0
fynescope/sim/sim.go:1248.46,1249.30 1 0
fynescope/sim/sim.go:1250.30,1251.14 1 0
fynescope/sim/sim.go:1252.49,1253.33 1 0
fynescope/sim/sim.go:1254.49,1255.33 1 0
fynescope/sim/sim.go:1256.49,1257.33 1 0
fynescope/sim/sim.go:1258.37,1259.21 1 0
fynescope/sim/sim.go:1260.44,1261.28 1 0
fynescope/sim/sim.go:1262.53,1263.37 1 0
fynescope/sim/sim.go:1264.26,1265.10 1 0
fynescope/sim/sim.go:1266.38,1267.22 1 0
fynescope/sim/sim.go:1268.40,1269.24 1 0
fynescope/sim/sim.go:1270.31,1271.15 1 0
fynescope/sim/sim.go:1272.37,1273.21 1 0
fynescope/sim/sim.go:1275.45,1276.28 1 0
fynescope/sim/sim.go:1277.38,1278.22 1 0
fynescope/sim/sim.go:1279.42,1280.26 1 0
fynescope/sim/sim.go:1281.44,1282.28 1 0
fynescope/sim/sim.go:1283.52,1284.36 1 0
fynescope/sim/sim.go:1285.54,1286.38 1 0
fynescope/sim/sim.go:1287.29,1288.13 1 0
fynescope/sim/sim.go:1289.29,1290.13 1 0
fynescope/sim/sim.go:1291.57,1292.41 1 0
fynescope/sim/sim.go:1293.36,1294.20 1 0
fynescope/sim/sim.go:1295.42,1296.26 1 0
fynescope/sim/sim.go:1299.30,1300.14 1 0
fynescope/sim/sim.go:1301.43,1302.27 1 0
fynescope/sim/sim.go:1303.52,1304.36 1 0
fynescope/sim/sim.go:1305.36,1306.20 1 0
fynescope/sim/sim.go:1307.41,1308.25 1 0
fynescope/sim/sim.go:1309.56,1310.40 1 0
fynescope/sim/sim.go:1311.40,1312.24 1 0
fynescope/sim/sim.go:1313.50,1314.34 1 0
fynescope/sim/sim.go:1315.48,1316.32 1 0
fynescope/sim/sim.go:1317.49,1318.33 1 0
fynescope/sim/sim.go:1319.43,1320.27 1 0
fynescope/sim/sim.go:1321.10,1323.55 1 0
fynescope/sim/sim.go:1326.13,1335.2 8 1
fynescope/sim/sim.go:1336.50,1337.15 1 0
fynescope/sim/sim.go:1337.15,1339.3 1 0
fynescope/sim/sim.go:1340.2,1340.40 1 0
fynescope/sim/sim.go:1340.40,1342.3 1 0
fynescope/sim/sim.go:1343.2,1346.12 4 0
fynescope/sim/sweep.go:22.131,34.19 2 1
fynescope/sim/sweep.go:34.19,36.3 1 1
fynescope/sim/sweep.go:36.8,37.20 1 0
fynescope/sim/sweep.go:38.31,39.29 1 0
fynescope/sim/sweep.go:40.29,41.30 1 0
fynescope/sim/sweep.go:45.2,45.11 1 1
fynescope/sim/sweep.go:49.58,51.2 1 1
fynescope/sim/sweep.go:55.37,58.22 1 1
fynescope/sim/sweep.go:58.22,60.3 1 1
fynescope/sim/sweep.go:64.2,64.48 1 0
fynescope/sim/sweep.go:64.48,66.3 1 0
fynescope/sim/sweep.go:70.2,70.22 1 0
fynescope/sim/sweep.go:71.15,72.21 1 0
fynescope/sim/sweep.go:73.19,74.25 1 0
fynescope/sim/sweep.go:75.17,76.23 1 0
fynescope/sim/sweep.go:77.19,78.25 1 0
fynescope/sim/sweep.go:79.10,80.60 1 0
fynescope/sim/sweep.go:85.44,86.46 1 0
fynescope/sim/sweep.go:86.46,89.3 2 0
fynescope/sim/sweep.go:89.8,92.3 2 0
fynescope/sim/sweep.go:97.48,99.46 2 0
fynescope/sim/sweep.go:99.46,102.3 2 0
fynescope/sim/sweep.go:102.8,106.3 3 0
fynescope/sim/sweep.go:110.46,111.47 1 0
fynescope/sim/sweep.go:111.47,114.3 2 0
fynescope/sim/sweep.go:114.8,117.3 2 0
fynescope/sim/sweep.go:122.48,124.47 2 0
fynescope/sim/sweep.go:124.47,127.3 2 0
fynescope/sim/sweep.go:127.8,131.3 3 0
fynescope/sim/sweep.go:135.36,138.22 3 0
fynescope/sim/sweep.go:138.22,140.3 1 0
fynescope/sim/sweep.go:140.8,141.23 1 0
fynescope/sim/sweep.go:142.31,143.32 1 0
fynescope/sim/sweep.go:144.29,145.33 1 0
fynescope/sim/trigger.go:48.140,58.62 2 1
fynescope/sim/trigger.go:58.62,66.3 1 1
fynescope/sim/trigger.go:67.2,67.11 1 1
fynescope/sim/trigger.go:70.153,77.25 6 0
fynescope/sim/trigger.go:77.25,82.3 4 0
fynescope/sim/trigger.go:82.8,83.26 1 0
fynescope/sim/trigger.go:83.26,85.4 1 0
fynescope/sim/trigger.go:118.72,122.34 2 1
fynescope/sim/trigger.go:122.34,123.18 1 1
fynescope/sim/trigger.go:123.18,125.9 2 1
fynescope/sim/trigger.go:129.2,129.17 1 1
fynescope/sim/trigger.go:129.17,132.3 2 0
fynescope/sim/trigger.go:134.2,140.18 5 1
fynescope/sim/trigger.go:140.18,145.27 4 1
fynescope/sim/trigger.go:145.27,147.36 2 0
fynescope/sim/trigger.go:147.36,148.50 1 0
fynescope/sim/trigger.go:148.50,152.41 4 0
fynescope/sim/trigger.go:152.41,154.7 1 0
fynescope/sim/trigger.go:155.6,155.124 1 0
fynescope/sim/trigger.go:155.124,157.12 2 0
fynescope/sim/trigger.go:162.4,162.38 1 0
fynescope/sim/trigger.go:162.38,165.5 2 0
fynescope/sim/trigger.go:165.10,165.44 1 0
fynescope/sim/trigger.go:165.44,167.5 1 0
fynescope/sim/trigger.go:167.10,167.45 1 0
fynescope/sim/trigger.go:167.45,173.30 4 0
fynescope/sim/trigger.go:174.25,175.33 1 0
fynescope/sim/trigger.go:175.33,175.56 1 0
fynescope/sim/trigger.go:176.28,177.33 1 0
fynescope/sim/trigger.go:177.33,177.56 1 0
fynescope/sim/trigger.go:178.24,179.62 1 0
fynescope/sim/trigger.go:179.62,179.85 1 0
fynescope/sim/trigger.go:180.27,181.60 1 0
fynescope/sim/trigger.go:181.60,181.83 1 0
fynescope/sim/trigger.go:186.3,186.35 1 1
fynescope/sim/trigger.go:186.35,187.53 1 1
fynescope/sim/trigger.go:187.53,188.13 1 1
fynescope/sim/trigger.go:191.4,195.35 4 1
fynescope/sim/trigger.go:195.35,197.5 1 0
fynescope/sim/trigger.go:197.10,199.5 1 1
fynescope/sim/trigger.go:201.4,201.13 1 1
fynescope/sim/trigger.go:201.13,203.5 1 1
fynescope/sim/trigger.go:205.4,205.100 1 1
fynescope/sim/trigger.go:205.100,207.10 2 1
fynescope/sim/trigger.go:211.3,211.92 1 1
fynescope/sim/trigger.go:211.92,214.28 2 1
fynescope/sim/trigger.go:214.28,216.5 1 0
fynescope/sim/trigger.go:217.4,217.26 1 1
fynescope/sim/trigger.go:220.3,220.10 1 1
fynescope/sim/trigger.go:223.2,224.8 2 0
fynescope/sim/trigger.go:227.148,231.34 3 1
fynescope/sim/trigger.go:231.34,234.3 1 0
fynescope/sim/trigger.go:236.2,236.37 1 1
fynescope/sim/trigger.go:236.37,237.59 1 1
fynescope/sim/trigger.go:237.59,239.4 1 1
fynescope/sim/trigger.go:239.9,239.65 1 1
fynescope/sim/trigger.go:239.65,242.4 2 1
fynescope/sim/trigger.go:243.8,243.44 1 0
fynescope/sim/trigger.go:243.44,244.59 1 0
fynescope/sim/trigger.go:244.59,246.4 1 0
fynescope/sim/trigger.go:246.9,246.66 1 0
fynescope/sim/trigger.go:246.66,249.4 2 0
fynescope/sim/trigger.go:250.8,250.52 1 0
fynescope/sim/trigger.go:250.52,251.33 1 0
fynescope/sim/trigger.go:251.33,252.32 1 0
fynescope/sim/trigger.go:252.32,254.5 1 0
fynescope/sim/trigger.go:254.10,254.39 1 0
fynescope/sim/trigger.go:254.39,256.5 1 0
fynescope/sim/trigger.go:257.9,257.65 1 0
fynescope/sim/trigger.go:257.65,260.4 2 0
fynescope/sim/trigger.go:260.9,260.66 1 0
fynescope/sim/trigger.go:260.66,263.4 2 0
fynescope/sim/trigger.go:266.2,266.21 1 1
fynescope/sim/trigger.go:277.35,288.35 3 0
fynescope/sim/trigger.go:288.35,291.3 2 0
fynescope/sim/trigger.go:291.8,291.41 1 0
fynescope/sim/trigger.go:291.41,294.3 2 0
fynescope/sim/trigger.go:294.8,294.48 1 0
fynescope/sim/trigger.go:294.48,297.3 2 0
fynescope/sim/trigger.go:299.2,302.30 3 0
fynescope/sim/trigger.go:302.30,305.3 1 0
fynescope/sim/trigger.go:307.2,307.30 1 0
fynescope/sim/trigger.go:307.30,316.30 5 0
fynescope/sim/trigger.go:316.30,323.18 5 0
fynescope/sim/trigger.go:323.18,324.25 1 0
fynescope/sim/trigger.go:324.25,326.6 1 0
fynescope/sim/trigger.go:327.5,327.25 1 0
fynescope/sim/trigger.go:327.25,329.6 1 0
fynescope/sim/trigger.go:330.10,330.25 1 0
fynescope/sim/trigger.go:330.25,331.25 1 0
fynescope/sim/trigger.go:331.25,333.6 1 0
fynescope/sim/trigger.go:334.5,334.25 1 0
fynescope/sim/trigger.go:334.25,336.6 1 0
fynescope/sim/trigger.go:341.3,341.20 1 0
fynescope/sim/trigger.go:344.2,344.21 1 0
fynescope/sim/trigger.go:348.61,350.2 1 1
fynescope/sim/trigger.go:353.53,355.2 1 0
fynescope/sim/trigger.go:358.58,360.2 1 0
fynescope/sim/trigger.go:363.61,365.2 1 0
fynescope/sim/trigger.go:368.71,370.2 1 0
fynescope/sim/trigger.go:373.56,375.2 1 0
fynescope/sim/trigger.go:378.83,380.29 1 0
fynescope/sim/trigger.go:380.29,382.3 1 0
fynescope/sim/trigger.go:383.2,383.29 1 0
fynescope/sim/trigger.go:383.29,385.39 2 0
fynescope/sim/trigger.go:385.39,392.4 6 0
fynescope/sim/trigger.go:397.76,398.21 1 0
fynescope/sim/trigger.go:398.21,400.3 1 0
fynescope/sim/trigger.go:401.2,405.44 5 0
fynescope/sim/trigger.go:409.92,414.2 4 0
fynescope/sim/trigger.go:417.64,419.2 1 1
fynescope/sim/trigger.go:422.50,424.2 1 0
fynescope/sim/waveforms.go:10.13,10.46 1 1
fynescope/sim/waveforms.go:18.68,19.18 1 1
fynescope/sim/waveforms.go:20.12,21.18 1 1
fynescope/sim/waveforms.go:22.16,23.22 1 0
fynescope/sim/waveforms.go:24.16,25.22 1 0
fynescope/sim/waveforms.go:26.12,27.18 1 0
fynescope/sim/waveforms.go:28.14,29.20 1 0
fynescope/sim/waveforms.go:30.16,31.22 1 0
fynescope/sim/waveforms.go:32.14,33.20 1 0
fynescope/sim/waveforms.go:34.16,35.22 1 0
fynescope/sim/waveforms.go:36.17,37.23 1 0
fynescope/sim/waveforms.go:38.10,41.18 2 0
fynescope/sim/waveforms.go:50.43,56.47 4 0
fynescope/sim/waveforms.go:56.47,57.16 1 0
fynescope/sim/waveforms.go:57.16,59.4 1 0
fynescope/sim/waveforms.go:61.3,62.31 2 0
fynescope/sim/waveforms.go:62.31,65.17 2 0
fynescope/sim/waveforms.go:65.17,67.5 1 0
fynescope/sim/waveforms.go:68.4,68.21 1 0
fynescope/sim/waveforms.go:68.21,70.5 1 0
fynescope/sim/waveforms.go:71.4,71.38 1 0
fynescope/sim/waveforms.go:71.38,75.18 3 0
fynescope/sim/waveforms.go:75.18,77.6 1 0
fynescope/sim/waveforms.go:79.4,80.19 2 0
fynescope/sim/waveforms.go:80.19,82.5 1 0
fynescope/sim/waveforms.go:82.10,84.5 1 0
fynescope/sim/waveforms.go:86.3,86.17 1 0
fynescope/sim/waveforms.go:92.48,94.2 1 1
fynescope/sim/waveforms.go:98.52,100.2 1 0
fynescope/sim/waveforms.go:104.52,107.11 3 0
fynescope/sim/waveforms.go:107.11,109.3 1 0
fynescope/sim/waveforms.go:110.2,110.20 1 0
fynescope/sim/waveforms.go:110.20,112.3 1 0
fynescope/sim/waveforms.go:113.2,113.32 1 0
fynescope/sim/waveforms.go:118.48,122.11 4 0
fynescope/sim/waveforms.go:122.11,124.3 1 0
fynescope/sim/waveforms.go:125.2,125.20 1 0
fynescope/sim/waveforms.go:125.20,127.3 1 0
fynescope/sim/waveforms.go:128.2,128.12 1 0
fynescope/sim/waveforms.go:128.12,130.3 1 0
fynescope/sim/waveforms.go:131.2,131.10 1 0
fynescope/sim/waveforms.go:136.50,138.11 2 0
fynescope/sim/waveforms.go:138.11,140.3 1 0
fynescope/sim/waveforms.go:141.2,143.9 3 0
fynescope/sim/waveforms.go:144.14,145.26 1 0
fynescope/sim/waveforms.go:146.19,147.14 1 0
fynescope/sim/waveforms.go:148.22,149.37 1 0
fynescope/sim/waveforms.go:150.10,151.13 1 0
fynescope/sim/waveforms.go:157.52,159.11 2 0
fynescope/sim/waveforms.go:159.11,160.10 1 0
fynescope/sim/waveforms.go:161.23,162.28 1 0
fynescope/sim/waveforms.go:163.31,164.40 1 0
fynescope/sim/waveforms.go:165.11,166.38 1 0
fynescope/sim/waveforms.go:168.8,170.10 2 0
fynescope/sim/waveforms.go:171.23,172.40 1 0
fynescope/sim/waveforms.go:173.31,174.28 1 0
fynescope/sim/waveforms.go:175.11,176.39 1 0
fynescope/sim/waveforms.go:183.50,185.11 2 0
fynescope/sim/waveforms.go:185.11,187.3 1 0
fynescope/sim/waveforms.go:188.2,190.12 3 0
fynescope/sim/waveforms.go:190.12,192.3 1 0
fynescope/sim/waveforms.go:193.2,193.43 1 0
fynescope/sim/waveforms.go:198.52,200.11 2 0
fynescope/sim/waveforms.go:200.11,202.3 1 0
fynescope/sim/waveforms.go:203.2,205.12 3 0
fynescope/sim/waveforms.go:205.12,207.3 1 0
fynescope/sim/waveforms.go:208.2,208.42 1 0
fynescope/sim/waveforms.go:213.53,215.2 1 0
